   2.000000       10.00000      0.0000000E+00  0.0000000E+00
   4.000000       10.00000      0.0000000E+00  0.0000000E+00
   6.000000       10.00000      0.0000000E+00  0.0000000E+00
   8.000000       10.00000      0.0000000E+00  0.0000000E+00
   10.00000       10.00000      0.0000000E+00  0.0000000E+00
   12.00000       10.00000      0.0000000E+00  0.0000000E+00
   14.00000       10.00000      0.0000000E+00  0.0000000E+00
   16.00000       10.00000      0.0000000E+00  0.0000000E+00
   18.00000       10.00000      0.0000000E+00  0.0000000E+00
   20.00000       10.00000      0.0000000E+00  0.0000000E+00
   22.00000       10.00000      0.0000000E+00  0.0000000E+00
   24.00000       10.00000      0.0000000E+00  0.0000000E+00
   26.00000       10.00000      0.0000000E+00  0.0000000E+00
   28.00000       10.00000      0.0000000E+00  0.0000000E+00
   30.00000       10.00000      0.0000000E+00  0.0000000E+00
   32.00000       10.00000      0.0000000E+00  0.0000000E+00
   34.00000       10.00000      0.0000000E+00  0.0000000E+00
   36.00000       10.00000      0.0000000E+00  0.0000000E+00
   38.00000       10.00000      0.0000000E+00  0.0000000E+00
   40.00000       10.00000      0.0000000E+00  0.0000000E+00
   42.00000       10.00000      0.0000000E+00  0.0000000E+00
   44.00000       10.00000      0.0000000E+00  0.0000000E+00
   46.00000       10.00000      0.0000000E+00  0.0000000E+00
   48.00000       10.00000      0.0000000E+00  0.0000000E+00
   50.00000       10.00000      0.0000000E+00  0.0000000E+00
   52.00000       10.00000      0.0000000E+00  0.0000000E+00
   54.00000       10.00000      0.0000000E+00  0.0000000E+00
   56.00000       10.00000      0.0000000E+00  0.0000000E+00
   58.00000       10.00000      0.0000000E+00  0.0000000E+00
   60.00000       10.00000      0.0000000E+00  0.0000000E+00
   62.00000       10.00000      0.0000000E+00  0.0000000E+00
   64.00000       10.00000      0.0000000E+00  0.0000000E+00
   66.00000       10.00000      0.0000000E+00  0.0000000E+00
   68.00000       10.00000      0.0000000E+00  0.0000000E+00
   70.00000       10.00000      0.0000000E+00  0.0000000E+00
   72.00000       10.00000      0.0000000E+00  0.0000000E+00
   74.00000       10.00000      0.0000000E+00  0.0000000E+00
   76.00000       10.00000      0.0000000E+00  0.0000000E+00
   78.00000       10.00000      0.0000000E+00  0.0000000E+00
   80.00000       10.00000      0.0000000E+00  0.0000000E+00
   82.00000       10.00000      0.0000000E+00  0.0000000E+00
   84.00000       10.00000      0.0000000E+00  0.0000000E+00
   86.00000       10.00000      0.0000000E+00  0.0000000E+00
   88.00000       10.00000      0.0000000E+00  0.0000000E+00
   90.00000       10.00000      0.0000000E+00  0.0000000E+00
   92.00000       10.00000      0.0000000E+00  0.0000000E+00
   94.00000       10.00000      0.0000000E+00  0.0000000E+00
   96.00000       10.00000      0.0000000E+00  0.0000000E+00
   98.00000       10.00000      0.0000000E+00  0.0000000E+00
   100.0000       10.00000      0.0000000E+00  0.0000000E+00
   102.0000       10.00000      0.0000000E+00  0.0000000E+00
   104.0000       10.00000      0.0000000E+00  0.0000000E+00
   106.0000       10.00000      0.0000000E+00  0.0000000E+00
   108.0000       10.00000      0.0000000E+00  0.0000000E+00
   110.0000       10.00000      0.0000000E+00  0.0000000E+00
   112.0000       10.00000      0.0000000E+00  0.0000000E+00
   114.0000       10.00000      0.0000000E+00  0.0000000E+00
   116.0000       10.00000      0.0000000E+00  0.0000000E+00
   118.0000       10.00000      0.0000000E+00  0.0000000E+00
   120.0000       10.00000      0.0000000E+00  0.0000000E+00
   122.0000       10.00000      0.0000000E+00  0.0000000E+00
   124.0000       10.00000      0.0000000E+00  0.0000000E+00
   126.0000       10.00000      0.0000000E+00  0.0000000E+00
   128.0000       10.00000      0.0000000E+00  0.0000000E+00
   130.0000       10.00000      0.0000000E+00  0.0000000E+00
   132.0000       10.00000      0.0000000E+00  0.0000000E+00
   134.0000       10.00000      0.0000000E+00  0.0000000E+00
   136.0000       10.00000      0.0000000E+00  0.0000000E+00
   138.0000       10.00000      0.0000000E+00  0.0000000E+00
   140.0000       10.00000      0.0000000E+00  0.0000000E+00
   142.0000       10.00000      0.0000000E+00  0.0000000E+00
   144.0000       10.00000      0.0000000E+00  0.0000000E+00
   146.0000       10.00000      0.0000000E+00  0.0000000E+00
   148.0000       10.00000      0.0000000E+00  0.0000000E+00
   150.0000       10.00000      0.0000000E+00  0.0000000E+00
   152.0000       10.00000      0.0000000E+00  0.0000000E+00
   154.0000       10.00000      0.0000000E+00  0.0000000E+00
   156.0000       10.00000      0.0000000E+00  0.0000000E+00
   158.0000       10.00000      0.0000000E+00  0.0000000E+00
   160.0000       10.00000      0.0000000E+00  0.0000000E+00
   162.0000       10.00000      0.0000000E+00  0.0000000E+00
   164.0000       10.00000      0.0000000E+00  0.0000000E+00
   166.0000       10.00000      0.0000000E+00  0.0000000E+00
   168.0000       10.00000      0.0000000E+00  0.0000000E+00
   170.0000       10.00000      0.0000000E+00  0.0000000E+00
   172.0000       10.00000      0.0000000E+00  0.0000000E+00
   174.0000       10.00000      0.0000000E+00  0.0000000E+00
   176.0000       10.00000      0.0000000E+00  0.0000000E+00
   178.0000       10.00000      0.0000000E+00  0.0000000E+00
   180.0000       10.00000      0.0000000E+00  0.0000000E+00
   182.0000       10.00000      0.0000000E+00  0.0000000E+00
   184.0000       10.00000      0.0000000E+00  0.0000000E+00
   186.0000       10.00000      0.0000000E+00  0.0000000E+00
   188.0000       10.00000      0.0000000E+00  0.0000000E+00
   190.0000       10.00000      0.0000000E+00  0.0000000E+00
   192.0000       10.00000      0.0000000E+00  0.0000000E+00
   194.0000       10.00000      0.0000000E+00  0.0000000E+00
   196.0000       10.00000      0.0000000E+00  0.0000000E+00
   198.0000       10.00000      0.0000000E+00  0.0000000E+00
   200.0000       10.00000      0.0000000E+00  0.0000000E+00
   202.0000       10.00000      0.0000000E+00  0.0000000E+00
   204.0000       10.00000      0.0000000E+00  0.0000000E+00
   206.0000       10.00000      0.0000000E+00  0.0000000E+00
   208.0000       10.00000      0.0000000E+00  0.0000000E+00
   210.0000       10.00000      0.0000000E+00  0.0000000E+00
   212.0000       10.00000      0.0000000E+00  0.0000000E+00
   214.0000       10.00000      0.0000000E+00  0.0000000E+00
   216.0000       10.00000      0.0000000E+00  0.0000000E+00
   218.0000       10.00000      0.0000000E+00  0.0000000E+00
   220.0000       10.00000      0.0000000E+00  0.0000000E+00
   222.0000       10.00000      0.0000000E+00  0.0000000E+00
   224.0000       10.00000      0.0000000E+00  0.0000000E+00
   226.0000       10.00000      0.0000000E+00  0.0000000E+00
   228.0000       10.00000      0.0000000E+00  0.0000000E+00
   230.0000       10.00000      0.0000000E+00  0.0000000E+00
   232.0000       10.00000      0.0000000E+00  0.0000000E+00
   234.0000       10.00000      0.0000000E+00  0.0000000E+00
   236.0000       10.00000      0.0000000E+00  0.0000000E+00
   238.0000       10.00000      0.0000000E+00  0.0000000E+00
   240.0000       10.00000      0.0000000E+00  0.0000000E+00
   242.0000       10.00000      0.0000000E+00  0.0000000E+00
   244.0000       10.00000      0.0000000E+00  0.0000000E+00
   246.0000       10.00000      0.0000000E+00  0.0000000E+00
   248.0000       10.00000      0.0000000E+00  0.0000000E+00
   250.0000       10.00000      0.0000000E+00  0.0000000E+00
   252.0000       10.00000      0.0000000E+00  0.0000000E+00
   254.0000       10.00000      0.0000000E+00  0.0000000E+00
   256.0000       10.00000      0.0000000E+00  0.0000000E+00
   258.0000       10.00000      0.0000000E+00  0.0000000E+00
   260.0000       10.00000      0.0000000E+00  0.0000000E+00
   262.0000       10.00000      0.0000000E+00  0.0000000E+00
   264.0000       10.00000      0.0000000E+00  0.0000000E+00
   266.0000       10.00000      0.0000000E+00  0.0000000E+00
   268.0000       10.00000      0.0000000E+00  0.0000000E+00
   270.0000       10.00000      0.0000000E+00  0.0000000E+00
   272.0000       10.00000      0.0000000E+00  0.0000000E+00
   274.0000       10.00000      0.0000000E+00  0.0000000E+00
   276.0000       10.00000      0.0000000E+00  0.0000000E+00
   278.0000       10.00000      0.0000000E+00  0.0000000E+00
   280.0000       10.00000      0.0000000E+00  0.0000000E+00
   282.0000       10.00000      0.0000000E+00  0.0000000E+00
   284.0000       10.00000      0.0000000E+00  0.0000000E+00
   286.0000       10.00000      0.0000000E+00  0.0000000E+00
   288.0000       10.00000      0.0000000E+00  0.0000000E+00
   290.0000       10.00000      0.0000000E+00  0.0000000E+00
   292.0000       10.00000      0.0000000E+00  0.0000000E+00
   294.0000       10.00000      0.0000000E+00  0.0000000E+00
   296.0000       10.00000      0.0000000E+00  0.0000000E+00
   298.0000       10.00000      0.0000000E+00  0.0000000E+00
   300.0000       10.00000      0.0000000E+00  0.0000000E+00
   302.0000       10.00000      0.0000000E+00  0.0000000E+00
   304.0000       10.00000      0.0000000E+00  0.0000000E+00
   306.0000       10.00000      0.0000000E+00  0.0000000E+00
   308.0000       10.00000      0.0000000E+00  0.0000000E+00
   310.0000       10.00000      0.0000000E+00  0.0000000E+00
   312.0000       10.00000      0.0000000E+00  0.0000000E+00
   314.0000       10.00000      0.0000000E+00  0.0000000E+00
   316.0000       10.00000      0.0000000E+00  0.0000000E+00
   318.0000       10.00000      0.0000000E+00  0.0000000E+00
   320.0000       10.00000      0.0000000E+00  0.0000000E+00
   322.0000       10.00000      0.0000000E+00  0.0000000E+00
   324.0000       10.00000      0.0000000E+00  0.0000000E+00
   326.0000       10.00000      0.0000000E+00  0.0000000E+00
   328.0000       10.00000      0.0000000E+00  0.0000000E+00
   330.0000       10.00000      0.0000000E+00  0.0000000E+00
   332.0000       10.00000      0.0000000E+00  0.0000000E+00
   334.0000       10.00000      0.0000000E+00  0.0000000E+00
   336.0000       10.00000      0.0000000E+00  0.0000000E+00
   338.0000       10.00000      0.0000000E+00  0.0000000E+00
   340.0000       10.00000      0.0000000E+00  0.0000000E+00
   342.0000       10.00000      0.0000000E+00  0.0000000E+00
   344.0000       10.00000      0.0000000E+00  0.0000000E+00
   346.0000       10.00000      0.0000000E+00  0.0000000E+00
   348.0000       10.00000      0.0000000E+00  0.0000000E+00
   350.0000       10.00000      0.0000000E+00  0.0000000E+00
   352.0000       10.00000      0.0000000E+00  0.0000000E+00
   354.0000       10.00000      0.0000000E+00  0.0000000E+00
   356.0000       10.00000      0.0000000E+00  0.0000000E+00
   358.0000       10.00000      0.0000000E+00  0.0000000E+00
   360.0000       10.00000      0.0000000E+00  0.0000000E+00
   362.0000       10.00000      0.0000000E+00  0.0000000E+00
   364.0000       10.00000      0.0000000E+00  0.0000000E+00
   366.0000       10.00000      0.0000000E+00  0.0000000E+00
   368.0000       10.00000      0.0000000E+00  0.0000000E+00
   370.0000       10.00000      0.0000000E+00  0.0000000E+00
   372.0000       10.00000      0.0000000E+00  0.0000000E+00
   374.0000       10.00000      0.0000000E+00  0.0000000E+00
   376.0000       10.00000      0.0000000E+00  0.0000000E+00
   378.0000       10.00000      0.0000000E+00  0.0000000E+00
   380.0000       10.00000      0.0000000E+00  0.0000000E+00
   382.0000       9.952123      4.7476448E-02  0.4724914    
   384.0000       9.840525      0.1585878       1.560587    
   386.0000       9.729554      0.2696984       2.624046    
   388.0000       9.619214      0.3808098       3.663090    
   390.0000       9.509504      0.4919211       4.677926    
   392.0000       9.400423      0.6030318       5.668754    
   394.0000       9.291971      0.7141431       6.635797    
   396.0000       9.184148      0.8252544       7.579258    
   398.0000       9.076953      0.9363651       8.499342    
   400.0000       8.970389       1.047476       9.396272    
   402.0000       8.864454       1.158588       10.27025    
   404.0000       8.759147       1.269698       11.12147    
   406.0000       8.654470       1.380810       11.95018    
   408.0000       8.550423       1.491921       12.75655    
   410.0000       8.447005       1.603032       13.54082    
   412.0000       8.344216       1.714143       14.30318    
   414.0000       8.242057       1.825254       15.04385    
   416.0000       8.140525       1.936365       15.76303    
   418.0000       8.039624       2.047476       16.46094    
   420.0000       7.939352       2.158587       17.13778    
   422.0000       7.839708       2.269698       17.79377    
   424.0000       7.740695       2.380809       18.42912    
   426.0000       7.642311       2.491921       19.04403    
   428.0000       7.544556       2.603032       19.63872    
   430.0000       7.447431       2.714143       20.21339    
   432.0000       7.350934       2.825254       20.76825    
   434.0000       7.255065       2.936365       21.30352    
   436.0000       7.159827       3.047476       21.81940    
   438.0000       7.065219       3.158587       22.31611    
   440.0000       6.971238       3.269698       22.79385    
   442.0000       6.877887       3.380809       23.25282    
   444.0000       6.785166       3.491920       23.69326    
   446.0000       6.693075       3.603032       24.11536    
   448.0000       6.601612       3.714143       24.51933    
   450.0000       6.510779       3.825254       24.90538    
   452.0000       6.420574       3.936365       25.27372    
   454.0000       6.330999       4.047476       25.62457    
   456.0000       6.242054       4.158587       25.95812    
   458.0000       6.153737       4.269698       26.27460    
   460.0000       6.066049       4.380809       26.57420    
   462.0000       5.978992       4.491920       26.85715    
   464.0000       5.892563       4.603032       27.12365    
   466.0000       5.806763       4.714142       27.37391    
   468.0000       5.721593       4.825253       27.60814    
   470.0000       5.637052       4.936365       27.82654    
   472.0000       5.553139       5.047476       28.02933    
   474.0000       5.469857       5.158587       28.21673    
   476.0000       5.387204       5.269698       28.38894    
   478.0000       5.305179       5.380809       28.54616    
   480.0000       5.223784       5.491920       28.68861    
   482.0000       5.143019       5.603032       28.81650    
   484.0000       5.078714       5.692122       28.90866    
   486.0000       5.078714       5.692122       28.90866    
   488.0000       5.078714       5.692122       28.90866    
   490.0000       5.078714       5.692122       28.90866    
   492.0000       5.078714       5.692122       28.90866    
   494.0000       5.078714       5.692122       28.90866    
   496.0000       5.078714       5.692122       28.90866    
   498.0000       5.078714       5.692122       28.90866    
   500.0000       5.078714       5.692122       28.90866    
   502.0000       5.078714       5.692122       28.90866    
   504.0000       5.078714       5.692122       28.90866    
   506.0000       5.078714       5.692122       28.90866    
   508.0000       5.078714       5.692122       28.90866    
   510.0000       5.078714       5.692122       28.90866    
   512.0000       5.078714       5.692122       28.90866    
   514.0000       5.078714       5.692122       28.90866    
   516.0000       5.078714       5.692122       28.90866    
   518.0000       5.078714       5.692122       28.90866    
   520.0000       5.078714       5.692122       28.90866    
   522.0000       5.078714       5.692122       28.90866    
   524.0000       5.078714       5.692122       28.90866    
   526.0000       5.078714       5.692122       28.90866    
   528.0000       5.078714       5.692122       28.90866    
   530.0000       5.078714       5.692122       28.90866    
   532.0000       5.078714       5.692122       28.90866    
   534.0000       5.078714       5.692122       28.90866    
   536.0000       5.078714       5.692122       28.90866    
   538.0000       5.078714       5.692122       28.90866    
   540.0000       5.078714       5.692122       28.90866    
   542.0000       5.078714       5.692122       28.90866    
   544.0000       5.078714       5.692122       28.90866    
   546.0000       5.078714       5.692122       28.90866    
   548.0000       5.078714       5.692122       28.90866    
   550.0000       5.078714       5.692122       28.90866    
   552.0000       5.078714       5.692122       28.90866    
   554.0000       5.078714       5.692122       28.90866    
   556.0000       5.078714       5.692122       28.90866    
   558.0000       5.078714       5.692122       28.90866    
   560.0000       5.078714       5.692122       28.90866    
   562.0000       5.078714       5.692122       28.90866    
   564.0000       5.078714       5.692122       28.90866    
   566.0000       5.078714       5.692122       28.90866    
   568.0000       5.078714       5.692122       28.90866    
   570.0000       5.078714       5.692122       28.90866    
   572.0000       5.078714       5.692122       28.90866    
   574.0000       5.078714       5.692122       28.90866    
   576.0000       5.078714       5.692122       28.90866    
   578.0000       5.078714       5.692122       28.90866    
   580.0000       5.078714       5.692122       28.90866    
   582.0000       5.078714       5.692122       28.90866    
   584.0000       5.078714       5.692122       28.90866    
   586.0000       5.078714       5.692122       28.90866    
   588.0000       5.078714       5.692122       28.90866    
   590.0000       5.078714       5.692122       28.90866    
   592.0000       5.078714       5.692122       28.90866    
   594.0000       5.078714       5.692122       28.90866    
   596.0000       5.078714       5.692122       28.90866    
   598.0000       5.078714       5.692122       28.90866    
   600.0000       5.078714       5.692122       28.90866    
   602.0000       5.078714       5.692122       28.90866    
   604.0000       5.078714       5.692122       28.90866    
   606.0000       5.078714       5.692122       28.90866    
   608.0000       5.078714       5.692122       28.90866    
   610.0000       5.078714       5.692122       28.90866    
   612.0000       5.078714       5.692122       28.90866    
   614.0000       2.000000      0.0000000E+00  0.0000000E+00
   616.0000       2.000000      0.0000000E+00  0.0000000E+00
   618.0000       2.000000      0.0000000E+00  0.0000000E+00
   620.0000       2.000000      0.0000000E+00  0.0000000E+00
   622.0000       2.000000      0.0000000E+00  0.0000000E+00
   624.0000       2.000000      0.0000000E+00  0.0000000E+00
   626.0000       2.000000      0.0000000E+00  0.0000000E+00
   628.0000       2.000000      0.0000000E+00  0.0000000E+00
   630.0000       2.000000      0.0000000E+00  0.0000000E+00
   632.0000       2.000000      0.0000000E+00  0.0000000E+00
   634.0000       2.000000      0.0000000E+00  0.0000000E+00
   636.0000       2.000000      0.0000000E+00  0.0000000E+00
   638.0000       2.000000      0.0000000E+00  0.0000000E+00
   640.0000       2.000000      0.0000000E+00  0.0000000E+00
   642.0000       2.000000      0.0000000E+00  0.0000000E+00
   644.0000       2.000000      0.0000000E+00  0.0000000E+00
   646.0000       2.000000      0.0000000E+00  0.0000000E+00
   648.0000       2.000000      0.0000000E+00  0.0000000E+00
   650.0000       2.000000      0.0000000E+00  0.0000000E+00
   652.0000       2.000000      0.0000000E+00  0.0000000E+00
   654.0000       2.000000      0.0000000E+00  0.0000000E+00
   656.0000       2.000000      0.0000000E+00  0.0000000E+00
   658.0000       2.000000      0.0000000E+00  0.0000000E+00
   660.0000       2.000000      0.0000000E+00  0.0000000E+00
   662.0000       2.000000      0.0000000E+00  0.0000000E+00
   664.0000       2.000000      0.0000000E+00  0.0000000E+00
   666.0000       2.000000      0.0000000E+00  0.0000000E+00
   668.0000       2.000000      0.0000000E+00  0.0000000E+00
   670.0000       2.000000      0.0000000E+00  0.0000000E+00
   672.0000       2.000000      0.0000000E+00  0.0000000E+00
   674.0000       2.000000      0.0000000E+00  0.0000000E+00
   676.0000       2.000000      0.0000000E+00  0.0000000E+00
   678.0000       2.000000      0.0000000E+00  0.0000000E+00
   680.0000       2.000000      0.0000000E+00  0.0000000E+00
   682.0000       2.000000      0.0000000E+00  0.0000000E+00
   684.0000       2.000000      0.0000000E+00  0.0000000E+00
   686.0000       2.000000      0.0000000E+00  0.0000000E+00
   688.0000       2.000000      0.0000000E+00  0.0000000E+00
   690.0000       2.000000      0.0000000E+00  0.0000000E+00
   692.0000       2.000000      0.0000000E+00  0.0000000E+00
   694.0000       2.000000      0.0000000E+00  0.0000000E+00
   696.0000       2.000000      0.0000000E+00  0.0000000E+00
   698.0000       2.000000      0.0000000E+00  0.0000000E+00
   700.0000       2.000000      0.0000000E+00  0.0000000E+00
   702.0000       2.000000      0.0000000E+00  0.0000000E+00
   704.0000       2.000000      0.0000000E+00  0.0000000E+00
   706.0000       2.000000      0.0000000E+00  0.0000000E+00
   708.0000       2.000000      0.0000000E+00  0.0000000E+00
   710.0000       2.000000      0.0000000E+00  0.0000000E+00
   712.0000       2.000000      0.0000000E+00  0.0000000E+00
   714.0000       2.000000      0.0000000E+00  0.0000000E+00
   716.0000       2.000000      0.0000000E+00  0.0000000E+00
   718.0000       2.000000      0.0000000E+00  0.0000000E+00
   720.0000       2.000000      0.0000000E+00  0.0000000E+00
   722.0000       2.000000      0.0000000E+00  0.0000000E+00
   724.0000       2.000000      0.0000000E+00  0.0000000E+00
   726.0000       2.000000      0.0000000E+00  0.0000000E+00
   728.0000       2.000000      0.0000000E+00  0.0000000E+00
   730.0000       2.000000      0.0000000E+00  0.0000000E+00
   732.0000       2.000000      0.0000000E+00  0.0000000E+00
   734.0000       2.000000      0.0000000E+00  0.0000000E+00
   736.0000       2.000000      0.0000000E+00  0.0000000E+00
   738.0000       2.000000      0.0000000E+00  0.0000000E+00
   740.0000       2.000000      0.0000000E+00  0.0000000E+00
   742.0000       2.000000      0.0000000E+00  0.0000000E+00
   744.0000       2.000000      0.0000000E+00  0.0000000E+00
   746.0000       2.000000      0.0000000E+00  0.0000000E+00
   748.0000       2.000000      0.0000000E+00  0.0000000E+00
   750.0000       2.000000      0.0000000E+00  0.0000000E+00
   752.0000       2.000000      0.0000000E+00  0.0000000E+00
   754.0000       2.000000      0.0000000E+00  0.0000000E+00
   756.0000       2.000000      0.0000000E+00  0.0000000E+00
   758.0000       2.000000      0.0000000E+00  0.0000000E+00
   760.0000       2.000000      0.0000000E+00  0.0000000E+00
   762.0000       2.000000      0.0000000E+00  0.0000000E+00
   764.0000       2.000000      0.0000000E+00  0.0000000E+00
   766.0000       2.000000      0.0000000E+00  0.0000000E+00
   768.0000       2.000000      0.0000000E+00  0.0000000E+00
   770.0000       2.000000      0.0000000E+00  0.0000000E+00
   772.0000       2.000000      0.0000000E+00  0.0000000E+00
   774.0000       2.000000      0.0000000E+00  0.0000000E+00
   776.0000       2.000000      0.0000000E+00  0.0000000E+00
   778.0000       2.000000      0.0000000E+00  0.0000000E+00
   780.0000       2.000000      0.0000000E+00  0.0000000E+00
   782.0000       2.000000      0.0000000E+00  0.0000000E+00
   784.0000       2.000000      0.0000000E+00  0.0000000E+00
   786.0000       2.000000      0.0000000E+00  0.0000000E+00
   788.0000       2.000000      0.0000000E+00  0.0000000E+00
   790.0000       2.000000      0.0000000E+00  0.0000000E+00
   792.0000       2.000000      0.0000000E+00  0.0000000E+00
   794.0000       2.000000      0.0000000E+00  0.0000000E+00
   796.0000       2.000000      0.0000000E+00  0.0000000E+00
   798.0000       2.000000      0.0000000E+00  0.0000000E+00
   800.0000       2.000000      0.0000000E+00  0.0000000E+00
   802.0000       2.000000      0.0000000E+00  0.0000000E+00
   804.0000       2.000000      0.0000000E+00  0.0000000E+00
   806.0000       2.000000      0.0000000E+00  0.0000000E+00
   808.0000       2.000000      0.0000000E+00  0.0000000E+00
   810.0000       2.000000      0.0000000E+00  0.0000000E+00
   812.0000       2.000000      0.0000000E+00  0.0000000E+00
   814.0000       2.000000      0.0000000E+00  0.0000000E+00
   816.0000       2.000000      0.0000000E+00  0.0000000E+00
   818.0000       2.000000      0.0000000E+00  0.0000000E+00
   820.0000       2.000000      0.0000000E+00  0.0000000E+00
   822.0000       2.000000      0.0000000E+00  0.0000000E+00
   824.0000       2.000000      0.0000000E+00  0.0000000E+00
   826.0000       2.000000      0.0000000E+00  0.0000000E+00
   828.0000       2.000000      0.0000000E+00  0.0000000E+00
   830.0000       2.000000      0.0000000E+00  0.0000000E+00
   832.0000       2.000000      0.0000000E+00  0.0000000E+00
   834.0000       2.000000      0.0000000E+00  0.0000000E+00
   836.0000       2.000000      0.0000000E+00  0.0000000E+00
   838.0000       2.000000      0.0000000E+00  0.0000000E+00
   840.0000       2.000000      0.0000000E+00  0.0000000E+00
   842.0000       2.000000      0.0000000E+00  0.0000000E+00
   844.0000       2.000000      0.0000000E+00  0.0000000E+00
   846.0000       2.000000      0.0000000E+00  0.0000000E+00
   848.0000       2.000000      0.0000000E+00  0.0000000E+00
   850.0000       2.000000      0.0000000E+00  0.0000000E+00
   852.0000       2.000000      0.0000000E+00  0.0000000E+00
   854.0000       2.000000      0.0000000E+00  0.0000000E+00
   856.0000       2.000000      0.0000000E+00  0.0000000E+00
   858.0000       2.000000      0.0000000E+00  0.0000000E+00
   860.0000       2.000000      0.0000000E+00  0.0000000E+00
   862.0000       2.000000      0.0000000E+00  0.0000000E+00
   864.0000       2.000000      0.0000000E+00  0.0000000E+00
   866.0000       2.000000      0.0000000E+00  0.0000000E+00
   868.0000       2.000000      0.0000000E+00  0.0000000E+00
   870.0000       2.000000      0.0000000E+00  0.0000000E+00
   872.0000       2.000000      0.0000000E+00  0.0000000E+00
   874.0000       2.000000      0.0000000E+00  0.0000000E+00
   876.0000       2.000000      0.0000000E+00  0.0000000E+00
   878.0000       2.000000      0.0000000E+00  0.0000000E+00
   880.0000       2.000000      0.0000000E+00  0.0000000E+00
   882.0000       2.000000      0.0000000E+00  0.0000000E+00
   884.0000       2.000000      0.0000000E+00  0.0000000E+00
   886.0000       2.000000      0.0000000E+00  0.0000000E+00
   888.0000       2.000000      0.0000000E+00  0.0000000E+00
   890.0000       2.000000      0.0000000E+00  0.0000000E+00
   892.0000       2.000000      0.0000000E+00  0.0000000E+00
   894.0000       2.000000      0.0000000E+00  0.0000000E+00
   896.0000       2.000000      0.0000000E+00  0.0000000E+00
   898.0000       2.000000      0.0000000E+00  0.0000000E+00
   900.0000       2.000000      0.0000000E+00  0.0000000E+00
   902.0000       2.000000      0.0000000E+00  0.0000000E+00
   904.0000       2.000000      0.0000000E+00  0.0000000E+00
   906.0000       2.000000      0.0000000E+00  0.0000000E+00
   908.0000       2.000000      0.0000000E+00  0.0000000E+00
   910.0000       2.000000      0.0000000E+00  0.0000000E+00
   912.0000       2.000000      0.0000000E+00  0.0000000E+00
   914.0000       2.000000      0.0000000E+00  0.0000000E+00
   916.0000       2.000000      0.0000000E+00  0.0000000E+00
   918.0000       2.000000      0.0000000E+00  0.0000000E+00
   920.0000       2.000000      0.0000000E+00  0.0000000E+00
   922.0000       2.000000      0.0000000E+00  0.0000000E+00
   924.0000       2.000000      0.0000000E+00  0.0000000E+00
   926.0000       2.000000      0.0000000E+00  0.0000000E+00
   928.0000       2.000000      0.0000000E+00  0.0000000E+00
   930.0000       2.000000      0.0000000E+00  0.0000000E+00
   932.0000       2.000000      0.0000000E+00  0.0000000E+00
   934.0000       2.000000      0.0000000E+00  0.0000000E+00
   936.0000       2.000000      0.0000000E+00  0.0000000E+00
   938.0000       2.000000      0.0000000E+00  0.0000000E+00
   940.0000       2.000000      0.0000000E+00  0.0000000E+00
   942.0000       2.000000      0.0000000E+00  0.0000000E+00
   944.0000       2.000000      0.0000000E+00  0.0000000E+00
   946.0000       2.000000      0.0000000E+00  0.0000000E+00
   948.0000       2.000000      0.0000000E+00  0.0000000E+00
   950.0000       2.000000      0.0000000E+00  0.0000000E+00
   952.0000       2.000000      0.0000000E+00  0.0000000E+00
   954.0000       2.000000      0.0000000E+00  0.0000000E+00
   956.0000       2.000000      0.0000000E+00  0.0000000E+00
   958.0000       2.000000      0.0000000E+00  0.0000000E+00
   960.0000       2.000000      0.0000000E+00  0.0000000E+00
   962.0000       2.000000      0.0000000E+00  0.0000000E+00
   964.0000       2.000000      0.0000000E+00  0.0000000E+00
   966.0000       2.000000      0.0000000E+00  0.0000000E+00
   968.0000       2.000000      0.0000000E+00  0.0000000E+00
   970.0000       2.000000      0.0000000E+00  0.0000000E+00
   972.0000       2.000000      0.0000000E+00  0.0000000E+00
   974.0000       2.000000      0.0000000E+00  0.0000000E+00
   976.0000       2.000000      0.0000000E+00  0.0000000E+00
   978.0000       2.000000      0.0000000E+00  0.0000000E+00
   980.0000       2.000000      0.0000000E+00  0.0000000E+00
   982.0000       2.000000      0.0000000E+00  0.0000000E+00
   984.0000       2.000000      0.0000000E+00  0.0000000E+00
   986.0000       2.000000      0.0000000E+00  0.0000000E+00
   988.0000       2.000000      0.0000000E+00  0.0000000E+00
   990.0000       2.000000      0.0000000E+00  0.0000000E+00
   992.0000       2.000000      0.0000000E+00  0.0000000E+00
   994.0000       2.000000      0.0000000E+00  0.0000000E+00
   996.0000       2.000000      0.0000000E+00  0.0000000E+00
   998.0000       2.000000      0.0000000E+00  0.0000000E+00
   1000.000       2.000000      0.0000000E+00  0.0000000E+00
